<?xml version="1.0" encoding="UTF-8"?>
<!-- Generated by org.testng.reporters.JUnitReportReporter -->
<testsuite hostname="DADA-PC" failures="0" tests="2" name="practice.GitbashPractice2" time="0.015" errors="0" timestamp="2023-03-10T14:30:43 IST" skipped="0">
  <testcase classname="practice.GitbashPractice2" name="main" time="0.012"/>
  <system-out/>
  <testcase classname="practice.GitbashPractice2" name="main2" time="0.003"/>
  <system-out/>
</testsuite> <!-- practice.GitbashPractice2 -->
