<?xml version="1.0" encoding="UTF-8"?>
<!-- Generated by org.testng.reporters.JUnitReportReporter -->
<testsuite hostname="DADA-PC" failures="0" tests="2" name="practice.GitbashPratice" time="0.004" errors="0" timestamp="2023-03-10T14:30:43 IST" skipped="0">
  <testcase classname="practice.GitbashPratice" name="main" time="0.002"/>
  <system-out/>
  <testcase classname="practice.GitbashPratice" name="main2" time="0.002"/>
  <system-out/>
</testsuite> <!-- practice.GitbashPratice -->
